   1               		.file	"encoder.c"
   2               	__SREG__ = 0x3f
   3               	__SP_H__ = 0x3e
   4               	__SP_L__ = 0x3d
   5               	__CCP__ = 0x34
   6               	__tmp_reg__ = 0
   7               	__zero_reg__ = 1
   8               		.global __do_copy_data
   9               		.global __do_clear_bss
  10               		.text
  11               	.Ltext0:
  12               		.cfi_sections	.debug_frame
  13               	.global	configureSPIModulesEncoder
  15               	configureSPIModulesEncoder:
  16               	.LFB6:
  17               		.file 1 "encoder.c"
   1:encoder.c     **** /****************************************************
   2:encoder.c     **** 
   3:encoder.c     ****  // Author:            Zachary Clifford
   4:encoder.c     ****  // File Name:        C1482-SRC-PXDMCU-0_encoder.c
   5:encoder.c     ****  // Creation Date:    24 February, 2012
   6:encoder.c     ****  // Revision:        00
   7:encoder.c     ****  // Hardware:        ATxmega32A4U
   8:encoder.c     ****  // Description:    Encoder driver
   9:encoder.c     **** 
  10:encoder.c     **** ****************************************************/
  11:encoder.c     **** 
  12:encoder.c     **** /******************************************************************************
  13:encoder.c     ****     File Revision History:
  14:encoder.c     **** -------------------------------------------------------------------------------
  15:encoder.c     **** Revision    Date        Engineer    Description
  16:encoder.c     **** --------    --------    --------    -------------------------------------------
  17:encoder.c     **** 00            MM/DD/YY    ZAC            Initial Release
  18:encoder.c     **** -------------------------------------------------------------------------------
  19:encoder.c     **** 
  20:encoder.c     **** ******************************************************************************/
  21:encoder.c     **** 
  22:encoder.c     **** #include "distal.h"
  23:encoder.c     **** #include <avr/io.h>
  24:encoder.c     **** #include "accel.h"
  25:encoder.c     **** 
  26:encoder.c     **** //The system can take 1 MHz.  Peripheral clock is set to 32 MHz internally, so a divide by 32 presc
  27:encoder.c     **** //In this chip, the division is accomplished by a divide by 64 with a doubler
  28:encoder.c     **** 
  29:encoder.c     **** #define ENCODERSPI SPIC
  30:encoder.c     **** 
  31:encoder.c     **** void configureSPIModulesEncoder(void)
  32:encoder.c     **** {
  18               		.loc 1 32 0
  19               		.cfi_startproc
  20               	/* prologue: function */
  21               	/* frame size = 0 */
  22               	/* stack size = 0 */
  23               	.L__stack_usage = 0
  33:encoder.c     ****     //This part expects an idling high SCLK, and it wants to setup data on the RISING clock edge an
  34:encoder.c     **** 
  35:encoder.c     ****     ENCODERSPI.INTCTRL = SPI_INTLVL_OFF_gc;
  24               		.loc 1 35 0
  25 0000 E0EC      		ldi r30,lo8(2240)
  26 0002 F8E0      		ldi r31,hi8(2240)
  27 0004 1182      		std Z+1,__zero_reg__
  36:encoder.c     ****     ENCODERSPI.CTRL = SPI_ENABLE_bm | SPI_MASTER_bm | SPI_MODE_2_gc | SPI_PRESCALER_DIV64_gc | SPI_
  28               		.loc 1 36 0
  29 0006 8AED      		ldi r24,lo8(-38)
  30 0008 8083      		st Z,r24
  31               	/* epilogue start */
  37:encoder.c     **** }
  32               		.loc 1 37 0
  33 000a 0895      		ret
  34               		.cfi_endproc
  35               	.LFE6:
  37               	.global	readEncoder
  39               	readEncoder:
  40               	.LFB7:
  38:encoder.c     **** 
  39:encoder.c     **** uint16_t readEncoder(void)
  40:encoder.c     **** {
  41               		.loc 1 40 0
  42               		.cfi_startproc
  43               	/* prologue: function */
  44               	/* frame size = 0 */
  45               	/* stack size = 0 */
  46               	.L__stack_usage = 0
  41:encoder.c     ****     uint8_t temp;
  42:encoder.c     ****     uint8_t temp2;
  43:encoder.c     ****     configureSPIModulesEncoder();
  47               		.loc 1 43 0
  48 000c 0E94 0000 		call configureSPIModulesEncoder
  49               	.LVL0:
  50               	.LBB4:
  51               	.LBB5:
  52               		.file 2 "/home/baxelrod/ARM-H/avr8-gnu-toolchain-linux_x86/bin/../lib/gcc/avr/4.6.2/../../../../av
   1:/home/baxelrod/ARM-H/avr8-gnu-toolchain-linux_x86/bin/../lib/gcc/avr/4.6.2/../../../../avr/include/util/delay.h **** /* Copyright (c) 2002, Marek Michalkiewicz
   2:/home/baxelrod/ARM-H/avr8-gnu-toolchain-linux_x86/bin/../lib/gcc/avr/4.6.2/../../../../avr/include/util/delay.h ****    Copyright (c) 2004,2005,2007 Joerg Wunsch
   3:/home/baxelrod/ARM-H/avr8-gnu-toolchain-linux_x86/bin/../lib/gcc/avr/4.6.2/../../../../avr/include/util/delay.h ****    Copyright (c) 2007  Florin-Viorel Petrov
   4:/home/baxelrod/ARM-H/avr8-gnu-toolchain-linux_x86/bin/../lib/gcc/avr/4.6.2/../../../../avr/include/util/delay.h ****    All rights reserved.
   5:/home/baxelrod/ARM-H/avr8-gnu-toolchain-linux_x86/bin/../lib/gcc/avr/4.6.2/../../../../avr/include/util/delay.h **** 
   6:/home/baxelrod/ARM-H/avr8-gnu-toolchain-linux_x86/bin/../lib/gcc/avr/4.6.2/../../../../avr/include/util/delay.h ****    Redistribution and use in source and binary forms, with or without
   7:/home/baxelrod/ARM-H/avr8-gnu-toolchain-linux_x86/bin/../lib/gcc/avr/4.6.2/../../../../avr/include/util/delay.h ****    modification, are permitted provided that the following conditions are met:
   8:/home/baxelrod/ARM-H/avr8-gnu-toolchain-linux_x86/bin/../lib/gcc/avr/4.6.2/../../../../avr/include/util/delay.h **** 
   9:/home/baxelrod/ARM-H/avr8-gnu-toolchain-linux_x86/bin/../lib/gcc/avr/4.6.2/../../../../avr/include/util/delay.h ****    * Redistributions of source code must retain the above copyright
  10:/home/baxelrod/ARM-H/avr8-gnu-toolchain-linux_x86/bin/../lib/gcc/avr/4.6.2/../../../../avr/include/util/delay.h ****      notice, this list of conditions and the following disclaimer.
  11:/home/baxelrod/ARM-H/avr8-gnu-toolchain-linux_x86/bin/../lib/gcc/avr/4.6.2/../../../../avr/include/util/delay.h **** 
  12:/home/baxelrod/ARM-H/avr8-gnu-toolchain-linux_x86/bin/../lib/gcc/avr/4.6.2/../../../../avr/include/util/delay.h ****    * Redistributions in binary form must reproduce the above copyright
  13:/home/baxelrod/ARM-H/avr8-gnu-toolchain-linux_x86/bin/../lib/gcc/avr/4.6.2/../../../../avr/include/util/delay.h ****      notice, this list of conditions and the following disclaimer in
  14:/home/baxelrod/ARM-H/avr8-gnu-toolchain-linux_x86/bin/../lib/gcc/avr/4.6.2/../../../../avr/include/util/delay.h ****      the documentation and/or other materials provided with the
  15:/home/baxelrod/ARM-H/avr8-gnu-toolchain-linux_x86/bin/../lib/gcc/avr/4.6.2/../../../../avr/include/util/delay.h ****      distribution.
  16:/home/baxelrod/ARM-H/avr8-gnu-toolchain-linux_x86/bin/../lib/gcc/avr/4.6.2/../../../../avr/include/util/delay.h **** 
  17:/home/baxelrod/ARM-H/avr8-gnu-toolchain-linux_x86/bin/../lib/gcc/avr/4.6.2/../../../../avr/include/util/delay.h ****    * Neither the name of the copyright holders nor the names of
  18:/home/baxelrod/ARM-H/avr8-gnu-toolchain-linux_x86/bin/../lib/gcc/avr/4.6.2/../../../../avr/include/util/delay.h ****      contributors may be used to endorse or promote products derived
  19:/home/baxelrod/ARM-H/avr8-gnu-toolchain-linux_x86/bin/../lib/gcc/avr/4.6.2/../../../../avr/include/util/delay.h ****      from this software without specific prior written permission.
  20:/home/baxelrod/ARM-H/avr8-gnu-toolchain-linux_x86/bin/../lib/gcc/avr/4.6.2/../../../../avr/include/util/delay.h **** 
  21:/home/baxelrod/ARM-H/avr8-gnu-toolchain-linux_x86/bin/../lib/gcc/avr/4.6.2/../../../../avr/include/util/delay.h ****   THIS SOFTWARE IS PROVIDED BY THE COPYRIGHT HOLDERS AND CONTRIBUTORS "AS IS"
  22:/home/baxelrod/ARM-H/avr8-gnu-toolchain-linux_x86/bin/../lib/gcc/avr/4.6.2/../../../../avr/include/util/delay.h ****   AND ANY EXPRESS OR IMPLIED WARRANTIES, INCLUDING, BUT NOT LIMITED TO, THE
  23:/home/baxelrod/ARM-H/avr8-gnu-toolchain-linux_x86/bin/../lib/gcc/avr/4.6.2/../../../../avr/include/util/delay.h ****   IMPLIED WARRANTIES OF MERCHANTABILITY AND FITNESS FOR A PARTICULAR PURPOSE
  24:/home/baxelrod/ARM-H/avr8-gnu-toolchain-linux_x86/bin/../lib/gcc/avr/4.6.2/../../../../avr/include/util/delay.h ****   ARE DISCLAIMED. IN NO EVENT SHALL THE COPYRIGHT OWNER OR CONTRIBUTORS BE
  25:/home/baxelrod/ARM-H/avr8-gnu-toolchain-linux_x86/bin/../lib/gcc/avr/4.6.2/../../../../avr/include/util/delay.h ****   LIABLE FOR ANY DIRECT, INDIRECT, INCIDENTAL, SPECIAL, EXEMPLARY, OR
  26:/home/baxelrod/ARM-H/avr8-gnu-toolchain-linux_x86/bin/../lib/gcc/avr/4.6.2/../../../../avr/include/util/delay.h ****   CONSEQUENTIAL DAMAGES (INCLUDING, BUT NOT LIMITED TO, PROCUREMENT OF
  27:/home/baxelrod/ARM-H/avr8-gnu-toolchain-linux_x86/bin/../lib/gcc/avr/4.6.2/../../../../avr/include/util/delay.h ****   SUBSTITUTE GOODS OR SERVICES; LOSS OF USE, DATA, OR PROFITS; OR BUSINESS
  28:/home/baxelrod/ARM-H/avr8-gnu-toolchain-linux_x86/bin/../lib/gcc/avr/4.6.2/../../../../avr/include/util/delay.h ****   INTERRUPTION) HOWEVER CAUSED AND ON ANY THEORY OF LIABILITY, WHETHER IN
  29:/home/baxelrod/ARM-H/avr8-gnu-toolchain-linux_x86/bin/../lib/gcc/avr/4.6.2/../../../../avr/include/util/delay.h ****   CONTRACT, STRICT LIABILITY, OR TORT (INCLUDING NEGLIGENCE OR OTHERWISE)
  30:/home/baxelrod/ARM-H/avr8-gnu-toolchain-linux_x86/bin/../lib/gcc/avr/4.6.2/../../../../avr/include/util/delay.h ****   ARISING IN ANY WAY OUT OF THE USE OF THIS SOFTWARE, EVEN IF ADVISED OF THE
  31:/home/baxelrod/ARM-H/avr8-gnu-toolchain-linux_x86/bin/../lib/gcc/avr/4.6.2/../../../../avr/include/util/delay.h ****   POSSIBILITY OF SUCH DAMAGE. */
  32:/home/baxelrod/ARM-H/avr8-gnu-toolchain-linux_x86/bin/../lib/gcc/avr/4.6.2/../../../../avr/include/util/delay.h **** 
  33:/home/baxelrod/ARM-H/avr8-gnu-toolchain-linux_x86/bin/../lib/gcc/avr/4.6.2/../../../../avr/include/util/delay.h **** /* $Id: delay.h.in 2251 2011-09-14 08:20:33Z joerg_wunsch $ */
  34:/home/baxelrod/ARM-H/avr8-gnu-toolchain-linux_x86/bin/../lib/gcc/avr/4.6.2/../../../../avr/include/util/delay.h **** 
  35:/home/baxelrod/ARM-H/avr8-gnu-toolchain-linux_x86/bin/../lib/gcc/avr/4.6.2/../../../../avr/include/util/delay.h **** #ifndef _UTIL_DELAY_H_
  36:/home/baxelrod/ARM-H/avr8-gnu-toolchain-linux_x86/bin/../lib/gcc/avr/4.6.2/../../../../avr/include/util/delay.h **** #define _UTIL_DELAY_H_ 1
  37:/home/baxelrod/ARM-H/avr8-gnu-toolchain-linux_x86/bin/../lib/gcc/avr/4.6.2/../../../../avr/include/util/delay.h **** 
  38:/home/baxelrod/ARM-H/avr8-gnu-toolchain-linux_x86/bin/../lib/gcc/avr/4.6.2/../../../../avr/include/util/delay.h **** #ifndef __HAS_DELAY_CYCLES
  39:/home/baxelrod/ARM-H/avr8-gnu-toolchain-linux_x86/bin/../lib/gcc/avr/4.6.2/../../../../avr/include/util/delay.h **** #define __HAS_DELAY_CYCLES 1
  40:/home/baxelrod/ARM-H/avr8-gnu-toolchain-linux_x86/bin/../lib/gcc/avr/4.6.2/../../../../avr/include/util/delay.h **** #endif
  41:/home/baxelrod/ARM-H/avr8-gnu-toolchain-linux_x86/bin/../lib/gcc/avr/4.6.2/../../../../avr/include/util/delay.h **** 
  42:/home/baxelrod/ARM-H/avr8-gnu-toolchain-linux_x86/bin/../lib/gcc/avr/4.6.2/../../../../avr/include/util/delay.h **** #include <inttypes.h>
  43:/home/baxelrod/ARM-H/avr8-gnu-toolchain-linux_x86/bin/../lib/gcc/avr/4.6.2/../../../../avr/include/util/delay.h **** #include <util/delay_basic.h>
  44:/home/baxelrod/ARM-H/avr8-gnu-toolchain-linux_x86/bin/../lib/gcc/avr/4.6.2/../../../../avr/include/util/delay.h **** #include <math.h>
  45:/home/baxelrod/ARM-H/avr8-gnu-toolchain-linux_x86/bin/../lib/gcc/avr/4.6.2/../../../../avr/include/util/delay.h **** 
  46:/home/baxelrod/ARM-H/avr8-gnu-toolchain-linux_x86/bin/../lib/gcc/avr/4.6.2/../../../../avr/include/util/delay.h **** /** \file */
  47:/home/baxelrod/ARM-H/avr8-gnu-toolchain-linux_x86/bin/../lib/gcc/avr/4.6.2/../../../../avr/include/util/delay.h **** /** \defgroup util_delay <util/delay.h>: Convenience functions for busy-wait delay loops
  48:/home/baxelrod/ARM-H/avr8-gnu-toolchain-linux_x86/bin/../lib/gcc/avr/4.6.2/../../../../avr/include/util/delay.h ****     \code
  49:/home/baxelrod/ARM-H/avr8-gnu-toolchain-linux_x86/bin/../lib/gcc/avr/4.6.2/../../../../avr/include/util/delay.h ****     #define F_CPU 1000000UL  // 1 MHz
  50:/home/baxelrod/ARM-H/avr8-gnu-toolchain-linux_x86/bin/../lib/gcc/avr/4.6.2/../../../../avr/include/util/delay.h ****     //#define F_CPU 14.7456E6
  51:/home/baxelrod/ARM-H/avr8-gnu-toolchain-linux_x86/bin/../lib/gcc/avr/4.6.2/../../../../avr/include/util/delay.h ****     #include <util/delay.h>
  52:/home/baxelrod/ARM-H/avr8-gnu-toolchain-linux_x86/bin/../lib/gcc/avr/4.6.2/../../../../avr/include/util/delay.h ****     \endcode
  53:/home/baxelrod/ARM-H/avr8-gnu-toolchain-linux_x86/bin/../lib/gcc/avr/4.6.2/../../../../avr/include/util/delay.h **** 
  54:/home/baxelrod/ARM-H/avr8-gnu-toolchain-linux_x86/bin/../lib/gcc/avr/4.6.2/../../../../avr/include/util/delay.h ****     \note As an alternative method, it is possible to pass the
  55:/home/baxelrod/ARM-H/avr8-gnu-toolchain-linux_x86/bin/../lib/gcc/avr/4.6.2/../../../../avr/include/util/delay.h ****     F_CPU macro down to the compiler from the Makefile.
  56:/home/baxelrod/ARM-H/avr8-gnu-toolchain-linux_x86/bin/../lib/gcc/avr/4.6.2/../../../../avr/include/util/delay.h ****     Obviously, in that case, no \c \#define statement should be
  57:/home/baxelrod/ARM-H/avr8-gnu-toolchain-linux_x86/bin/../lib/gcc/avr/4.6.2/../../../../avr/include/util/delay.h ****     used.
  58:/home/baxelrod/ARM-H/avr8-gnu-toolchain-linux_x86/bin/../lib/gcc/avr/4.6.2/../../../../avr/include/util/delay.h **** 
  59:/home/baxelrod/ARM-H/avr8-gnu-toolchain-linux_x86/bin/../lib/gcc/avr/4.6.2/../../../../avr/include/util/delay.h ****     The functions in this header file are wrappers around the basic
  60:/home/baxelrod/ARM-H/avr8-gnu-toolchain-linux_x86/bin/../lib/gcc/avr/4.6.2/../../../../avr/include/util/delay.h ****     busy-wait functions from <util/delay_basic.h>.  They are meant as
  61:/home/baxelrod/ARM-H/avr8-gnu-toolchain-linux_x86/bin/../lib/gcc/avr/4.6.2/../../../../avr/include/util/delay.h ****     convenience functions where actual time values can be specified
  62:/home/baxelrod/ARM-H/avr8-gnu-toolchain-linux_x86/bin/../lib/gcc/avr/4.6.2/../../../../avr/include/util/delay.h ****     rather than a number of cycles to wait for.  The idea behind is
  63:/home/baxelrod/ARM-H/avr8-gnu-toolchain-linux_x86/bin/../lib/gcc/avr/4.6.2/../../../../avr/include/util/delay.h ****     that compile-time constant expressions will be eliminated by
  64:/home/baxelrod/ARM-H/avr8-gnu-toolchain-linux_x86/bin/../lib/gcc/avr/4.6.2/../../../../avr/include/util/delay.h ****     compiler optimization so floating-point expressions can be used
  65:/home/baxelrod/ARM-H/avr8-gnu-toolchain-linux_x86/bin/../lib/gcc/avr/4.6.2/../../../../avr/include/util/delay.h ****     to calculate the number of delay cycles needed based on the CPU
  66:/home/baxelrod/ARM-H/avr8-gnu-toolchain-linux_x86/bin/../lib/gcc/avr/4.6.2/../../../../avr/include/util/delay.h ****     frequency passed by the macro F_CPU.
  67:/home/baxelrod/ARM-H/avr8-gnu-toolchain-linux_x86/bin/../lib/gcc/avr/4.6.2/../../../../avr/include/util/delay.h **** 
  68:/home/baxelrod/ARM-H/avr8-gnu-toolchain-linux_x86/bin/../lib/gcc/avr/4.6.2/../../../../avr/include/util/delay.h ****     \note In order for these functions to work as intended, compiler
  69:/home/baxelrod/ARM-H/avr8-gnu-toolchain-linux_x86/bin/../lib/gcc/avr/4.6.2/../../../../avr/include/util/delay.h ****     optimizations <em>must</em> be enabled, and the delay time
  70:/home/baxelrod/ARM-H/avr8-gnu-toolchain-linux_x86/bin/../lib/gcc/avr/4.6.2/../../../../avr/include/util/delay.h ****     <em>must</em> be an expression that is a known constant at
  71:/home/baxelrod/ARM-H/avr8-gnu-toolchain-linux_x86/bin/../lib/gcc/avr/4.6.2/../../../../avr/include/util/delay.h ****     compile-time.  If these requirements are not met, the resulting
  72:/home/baxelrod/ARM-H/avr8-gnu-toolchain-linux_x86/bin/../lib/gcc/avr/4.6.2/../../../../avr/include/util/delay.h ****     delay will be much longer (and basically unpredictable), and
  73:/home/baxelrod/ARM-H/avr8-gnu-toolchain-linux_x86/bin/../lib/gcc/avr/4.6.2/../../../../avr/include/util/delay.h ****     applications that otherwise do not use floating-point calculations
  74:/home/baxelrod/ARM-H/avr8-gnu-toolchain-linux_x86/bin/../lib/gcc/avr/4.6.2/../../../../avr/include/util/delay.h ****     will experience severe code bloat by the floating-point library
  75:/home/baxelrod/ARM-H/avr8-gnu-toolchain-linux_x86/bin/../lib/gcc/avr/4.6.2/../../../../avr/include/util/delay.h ****     routines linked into the application.
  76:/home/baxelrod/ARM-H/avr8-gnu-toolchain-linux_x86/bin/../lib/gcc/avr/4.6.2/../../../../avr/include/util/delay.h **** 
  77:/home/baxelrod/ARM-H/avr8-gnu-toolchain-linux_x86/bin/../lib/gcc/avr/4.6.2/../../../../avr/include/util/delay.h ****     The functions available allow the specification of microsecond, and
  78:/home/baxelrod/ARM-H/avr8-gnu-toolchain-linux_x86/bin/../lib/gcc/avr/4.6.2/../../../../avr/include/util/delay.h ****     millisecond delays directly, using the application-supplied macro
  79:/home/baxelrod/ARM-H/avr8-gnu-toolchain-linux_x86/bin/../lib/gcc/avr/4.6.2/../../../../avr/include/util/delay.h ****     F_CPU as the CPU clock frequency (in Hertz).
  80:/home/baxelrod/ARM-H/avr8-gnu-toolchain-linux_x86/bin/../lib/gcc/avr/4.6.2/../../../../avr/include/util/delay.h **** 
  81:/home/baxelrod/ARM-H/avr8-gnu-toolchain-linux_x86/bin/../lib/gcc/avr/4.6.2/../../../../avr/include/util/delay.h **** */
  82:/home/baxelrod/ARM-H/avr8-gnu-toolchain-linux_x86/bin/../lib/gcc/avr/4.6.2/../../../../avr/include/util/delay.h **** 
  83:/home/baxelrod/ARM-H/avr8-gnu-toolchain-linux_x86/bin/../lib/gcc/avr/4.6.2/../../../../avr/include/util/delay.h **** #if !defined(__DOXYGEN__)
  84:/home/baxelrod/ARM-H/avr8-gnu-toolchain-linux_x86/bin/../lib/gcc/avr/4.6.2/../../../../avr/include/util/delay.h **** static inline void _delay_us(double __us) __attribute__((always_inline));
  85:/home/baxelrod/ARM-H/avr8-gnu-toolchain-linux_x86/bin/../lib/gcc/avr/4.6.2/../../../../avr/include/util/delay.h **** static inline void _delay_ms(double __ms) __attribute__((always_inline));
  86:/home/baxelrod/ARM-H/avr8-gnu-toolchain-linux_x86/bin/../lib/gcc/avr/4.6.2/../../../../avr/include/util/delay.h **** #endif
  87:/home/baxelrod/ARM-H/avr8-gnu-toolchain-linux_x86/bin/../lib/gcc/avr/4.6.2/../../../../avr/include/util/delay.h **** 
  88:/home/baxelrod/ARM-H/avr8-gnu-toolchain-linux_x86/bin/../lib/gcc/avr/4.6.2/../../../../avr/include/util/delay.h **** #ifndef F_CPU
  89:/home/baxelrod/ARM-H/avr8-gnu-toolchain-linux_x86/bin/../lib/gcc/avr/4.6.2/../../../../avr/include/util/delay.h **** /* prevent compiler error by supplying a default */
  90:/home/baxelrod/ARM-H/avr8-gnu-toolchain-linux_x86/bin/../lib/gcc/avr/4.6.2/../../../../avr/include/util/delay.h **** # warning "F_CPU not defined for <util/delay.h>"
  91:/home/baxelrod/ARM-H/avr8-gnu-toolchain-linux_x86/bin/../lib/gcc/avr/4.6.2/../../../../avr/include/util/delay.h **** # define F_CPU 1000000UL
  92:/home/baxelrod/ARM-H/avr8-gnu-toolchain-linux_x86/bin/../lib/gcc/avr/4.6.2/../../../../avr/include/util/delay.h **** #endif
  93:/home/baxelrod/ARM-H/avr8-gnu-toolchain-linux_x86/bin/../lib/gcc/avr/4.6.2/../../../../avr/include/util/delay.h **** 
  94:/home/baxelrod/ARM-H/avr8-gnu-toolchain-linux_x86/bin/../lib/gcc/avr/4.6.2/../../../../avr/include/util/delay.h **** #ifndef __OPTIMIZE__
  95:/home/baxelrod/ARM-H/avr8-gnu-toolchain-linux_x86/bin/../lib/gcc/avr/4.6.2/../../../../avr/include/util/delay.h **** # warning "Compiler optimizations disabled; functions from <util/delay.h> won't work as designed"
  96:/home/baxelrod/ARM-H/avr8-gnu-toolchain-linux_x86/bin/../lib/gcc/avr/4.6.2/../../../../avr/include/util/delay.h **** #endif
  97:/home/baxelrod/ARM-H/avr8-gnu-toolchain-linux_x86/bin/../lib/gcc/avr/4.6.2/../../../../avr/include/util/delay.h **** 
  98:/home/baxelrod/ARM-H/avr8-gnu-toolchain-linux_x86/bin/../lib/gcc/avr/4.6.2/../../../../avr/include/util/delay.h **** #if __HAS_DELAY_CYCLES && defined(__OPTIMIZE__) && \
  99:/home/baxelrod/ARM-H/avr8-gnu-toolchain-linux_x86/bin/../lib/gcc/avr/4.6.2/../../../../avr/include/util/delay.h ****   !defined(__DELAY_BACKWARD_COMPATIBLE__) &&	   \
 100:/home/baxelrod/ARM-H/avr8-gnu-toolchain-linux_x86/bin/../lib/gcc/avr/4.6.2/../../../../avr/include/util/delay.h ****   __STDC_HOSTED__
 101:/home/baxelrod/ARM-H/avr8-gnu-toolchain-linux_x86/bin/../lib/gcc/avr/4.6.2/../../../../avr/include/util/delay.h **** #  include <math.h>
 102:/home/baxelrod/ARM-H/avr8-gnu-toolchain-linux_x86/bin/../lib/gcc/avr/4.6.2/../../../../avr/include/util/delay.h **** #endif
 103:/home/baxelrod/ARM-H/avr8-gnu-toolchain-linux_x86/bin/../lib/gcc/avr/4.6.2/../../../../avr/include/util/delay.h **** 
 104:/home/baxelrod/ARM-H/avr8-gnu-toolchain-linux_x86/bin/../lib/gcc/avr/4.6.2/../../../../avr/include/util/delay.h **** /**
 105:/home/baxelrod/ARM-H/avr8-gnu-toolchain-linux_x86/bin/../lib/gcc/avr/4.6.2/../../../../avr/include/util/delay.h ****    \ingroup util_delay
 106:/home/baxelrod/ARM-H/avr8-gnu-toolchain-linux_x86/bin/../lib/gcc/avr/4.6.2/../../../../avr/include/util/delay.h **** 
 107:/home/baxelrod/ARM-H/avr8-gnu-toolchain-linux_x86/bin/../lib/gcc/avr/4.6.2/../../../../avr/include/util/delay.h ****    Perform a delay of \c __ms milliseconds, using _delay_loop_2().
 108:/home/baxelrod/ARM-H/avr8-gnu-toolchain-linux_x86/bin/../lib/gcc/avr/4.6.2/../../../../avr/include/util/delay.h **** 
 109:/home/baxelrod/ARM-H/avr8-gnu-toolchain-linux_x86/bin/../lib/gcc/avr/4.6.2/../../../../avr/include/util/delay.h ****    The macro F_CPU is supposed to be defined to a
 110:/home/baxelrod/ARM-H/avr8-gnu-toolchain-linux_x86/bin/../lib/gcc/avr/4.6.2/../../../../avr/include/util/delay.h ****    constant defining the CPU clock frequency (in Hertz).
 111:/home/baxelrod/ARM-H/avr8-gnu-toolchain-linux_x86/bin/../lib/gcc/avr/4.6.2/../../../../avr/include/util/delay.h **** 
 112:/home/baxelrod/ARM-H/avr8-gnu-toolchain-linux_x86/bin/../lib/gcc/avr/4.6.2/../../../../avr/include/util/delay.h ****    The maximal possible delay is 262.14 ms / F_CPU in MHz.
 113:/home/baxelrod/ARM-H/avr8-gnu-toolchain-linux_x86/bin/../lib/gcc/avr/4.6.2/../../../../avr/include/util/delay.h **** 
 114:/home/baxelrod/ARM-H/avr8-gnu-toolchain-linux_x86/bin/../lib/gcc/avr/4.6.2/../../../../avr/include/util/delay.h ****    When the user request delay which exceed the maximum possible one,
 115:/home/baxelrod/ARM-H/avr8-gnu-toolchain-linux_x86/bin/../lib/gcc/avr/4.6.2/../../../../avr/include/util/delay.h ****    _delay_ms() provides a decreased resolution functionality. In this
 116:/home/baxelrod/ARM-H/avr8-gnu-toolchain-linux_x86/bin/../lib/gcc/avr/4.6.2/../../../../avr/include/util/delay.h ****    mode _delay_ms() will work with a resolution of 1/10 ms, providing
 117:/home/baxelrod/ARM-H/avr8-gnu-toolchain-linux_x86/bin/../lib/gcc/avr/4.6.2/../../../../avr/include/util/delay.h ****    delays up to 6.5535 seconds (independent from CPU frequency).  The
 118:/home/baxelrod/ARM-H/avr8-gnu-toolchain-linux_x86/bin/../lib/gcc/avr/4.6.2/../../../../avr/include/util/delay.h ****    user will not be informed about decreased resolution.
 119:/home/baxelrod/ARM-H/avr8-gnu-toolchain-linux_x86/bin/../lib/gcc/avr/4.6.2/../../../../avr/include/util/delay.h **** 
 120:/home/baxelrod/ARM-H/avr8-gnu-toolchain-linux_x86/bin/../lib/gcc/avr/4.6.2/../../../../avr/include/util/delay.h ****    If the avr-gcc toolchain has __builtin_avr_delay_cycles(unsigned long)
 121:/home/baxelrod/ARM-H/avr8-gnu-toolchain-linux_x86/bin/../lib/gcc/avr/4.6.2/../../../../avr/include/util/delay.h ****    support, maximal possible delay is 4294967.295 ms/ F_CPU in MHz. For
 122:/home/baxelrod/ARM-H/avr8-gnu-toolchain-linux_x86/bin/../lib/gcc/avr/4.6.2/../../../../avr/include/util/delay.h ****    values greater than the maximal possible delay, overflows results in
 123:/home/baxelrod/ARM-H/avr8-gnu-toolchain-linux_x86/bin/../lib/gcc/avr/4.6.2/../../../../avr/include/util/delay.h ****    no delay i.e., 0ms.
 124:/home/baxelrod/ARM-H/avr8-gnu-toolchain-linux_x86/bin/../lib/gcc/avr/4.6.2/../../../../avr/include/util/delay.h **** 
 125:/home/baxelrod/ARM-H/avr8-gnu-toolchain-linux_x86/bin/../lib/gcc/avr/4.6.2/../../../../avr/include/util/delay.h ****    Conversion of __us into clock cycles may not always result in integer.
 126:/home/baxelrod/ARM-H/avr8-gnu-toolchain-linux_x86/bin/../lib/gcc/avr/4.6.2/../../../../avr/include/util/delay.h ****    By default, the clock cycles rounded up to next integer. This ensures that
 127:/home/baxelrod/ARM-H/avr8-gnu-toolchain-linux_x86/bin/../lib/gcc/avr/4.6.2/../../../../avr/include/util/delay.h ****    the user gets atleast __us microseconds of delay.
 128:/home/baxelrod/ARM-H/avr8-gnu-toolchain-linux_x86/bin/../lib/gcc/avr/4.6.2/../../../../avr/include/util/delay.h **** 
 129:/home/baxelrod/ARM-H/avr8-gnu-toolchain-linux_x86/bin/../lib/gcc/avr/4.6.2/../../../../avr/include/util/delay.h ****    Alternatively, user can define __DELAY_ROUND_DOWN__ and __DELAY_ROUND_CLOSEST__
 130:/home/baxelrod/ARM-H/avr8-gnu-toolchain-linux_x86/bin/../lib/gcc/avr/4.6.2/../../../../avr/include/util/delay.h ****    to round down and round to closest integer.
 131:/home/baxelrod/ARM-H/avr8-gnu-toolchain-linux_x86/bin/../lib/gcc/avr/4.6.2/../../../../avr/include/util/delay.h **** 
 132:/home/baxelrod/ARM-H/avr8-gnu-toolchain-linux_x86/bin/../lib/gcc/avr/4.6.2/../../../../avr/include/util/delay.h ****    Note: The new implementation of _delay_ms(double __ms) with 
 133:/home/baxelrod/ARM-H/avr8-gnu-toolchain-linux_x86/bin/../lib/gcc/avr/4.6.2/../../../../avr/include/util/delay.h ****     __builtin_avr_delay_cycles(unsigned long) support is not backward compatible. 
 134:/home/baxelrod/ARM-H/avr8-gnu-toolchain-linux_x86/bin/../lib/gcc/avr/4.6.2/../../../../avr/include/util/delay.h ****    User can define __DELAY_BACKWARD_COMPATIBLE__ to get a backward compatible delay.
 135:/home/baxelrod/ARM-H/avr8-gnu-toolchain-linux_x86/bin/../lib/gcc/avr/4.6.2/../../../../avr/include/util/delay.h ****    Also, the backward compatible
 136:/home/baxelrod/ARM-H/avr8-gnu-toolchain-linux_x86/bin/../lib/gcc/avr/4.6.2/../../../../avr/include/util/delay.h ****    algorithm will be chosen if the code is compiled in a <em>freestanding
 137:/home/baxelrod/ARM-H/avr8-gnu-toolchain-linux_x86/bin/../lib/gcc/avr/4.6.2/../../../../avr/include/util/delay.h ****    environment</em> (GCC option \c -ffreestanding), as the math functions
 138:/home/baxelrod/ARM-H/avr8-gnu-toolchain-linux_x86/bin/../lib/gcc/avr/4.6.2/../../../../avr/include/util/delay.h ****    required for rounding are not available to the compiler then.
 139:/home/baxelrod/ARM-H/avr8-gnu-toolchain-linux_x86/bin/../lib/gcc/avr/4.6.2/../../../../avr/include/util/delay.h **** 
 140:/home/baxelrod/ARM-H/avr8-gnu-toolchain-linux_x86/bin/../lib/gcc/avr/4.6.2/../../../../avr/include/util/delay.h ****  */
 141:/home/baxelrod/ARM-H/avr8-gnu-toolchain-linux_x86/bin/../lib/gcc/avr/4.6.2/../../../../avr/include/util/delay.h **** void
 142:/home/baxelrod/ARM-H/avr8-gnu-toolchain-linux_x86/bin/../lib/gcc/avr/4.6.2/../../../../avr/include/util/delay.h **** _delay_ms(double __ms)
 143:/home/baxelrod/ARM-H/avr8-gnu-toolchain-linux_x86/bin/../lib/gcc/avr/4.6.2/../../../../avr/include/util/delay.h **** {
 144:/home/baxelrod/ARM-H/avr8-gnu-toolchain-linux_x86/bin/../lib/gcc/avr/4.6.2/../../../../avr/include/util/delay.h **** 	uint16_t __ticks;
 145:/home/baxelrod/ARM-H/avr8-gnu-toolchain-linux_x86/bin/../lib/gcc/avr/4.6.2/../../../../avr/include/util/delay.h **** 	double __tmp ; 
 146:/home/baxelrod/ARM-H/avr8-gnu-toolchain-linux_x86/bin/../lib/gcc/avr/4.6.2/../../../../avr/include/util/delay.h **** #if __HAS_DELAY_CYCLES && defined(__OPTIMIZE__) && \
 147:/home/baxelrod/ARM-H/avr8-gnu-toolchain-linux_x86/bin/../lib/gcc/avr/4.6.2/../../../../avr/include/util/delay.h ****   !defined(__DELAY_BACKWARD_COMPATIBLE__) &&	   \
 148:/home/baxelrod/ARM-H/avr8-gnu-toolchain-linux_x86/bin/../lib/gcc/avr/4.6.2/../../../../avr/include/util/delay.h ****   __STDC_HOSTED__
 149:/home/baxelrod/ARM-H/avr8-gnu-toolchain-linux_x86/bin/../lib/gcc/avr/4.6.2/../../../../avr/include/util/delay.h **** 	uint32_t __ticks_dc;
 150:/home/baxelrod/ARM-H/avr8-gnu-toolchain-linux_x86/bin/../lib/gcc/avr/4.6.2/../../../../avr/include/util/delay.h **** 	extern void __builtin_avr_delay_cycles(unsigned long);
 151:/home/baxelrod/ARM-H/avr8-gnu-toolchain-linux_x86/bin/../lib/gcc/avr/4.6.2/../../../../avr/include/util/delay.h **** 	__tmp = ((F_CPU) / 1e3) * __ms;
 152:/home/baxelrod/ARM-H/avr8-gnu-toolchain-linux_x86/bin/../lib/gcc/avr/4.6.2/../../../../avr/include/util/delay.h **** 
 153:/home/baxelrod/ARM-H/avr8-gnu-toolchain-linux_x86/bin/../lib/gcc/avr/4.6.2/../../../../avr/include/util/delay.h **** 	#if defined(__DELAY_ROUND_DOWN__)
 154:/home/baxelrod/ARM-H/avr8-gnu-toolchain-linux_x86/bin/../lib/gcc/avr/4.6.2/../../../../avr/include/util/delay.h **** 		__ticks_dc = (uint32_t)fabs(__tmp);
 155:/home/baxelrod/ARM-H/avr8-gnu-toolchain-linux_x86/bin/../lib/gcc/avr/4.6.2/../../../../avr/include/util/delay.h **** 
 156:/home/baxelrod/ARM-H/avr8-gnu-toolchain-linux_x86/bin/../lib/gcc/avr/4.6.2/../../../../avr/include/util/delay.h **** 	#elif defined(__DELAY_ROUND_CLOSEST__)
 157:/home/baxelrod/ARM-H/avr8-gnu-toolchain-linux_x86/bin/../lib/gcc/avr/4.6.2/../../../../avr/include/util/delay.h **** 		__ticks_dc = (uint32_t)(fabs(__tmp)+0.5);
 158:/home/baxelrod/ARM-H/avr8-gnu-toolchain-linux_x86/bin/../lib/gcc/avr/4.6.2/../../../../avr/include/util/delay.h **** 
 159:/home/baxelrod/ARM-H/avr8-gnu-toolchain-linux_x86/bin/../lib/gcc/avr/4.6.2/../../../../avr/include/util/delay.h **** 	#else
 160:/home/baxelrod/ARM-H/avr8-gnu-toolchain-linux_x86/bin/../lib/gcc/avr/4.6.2/../../../../avr/include/util/delay.h **** 		//round up by default
 161:/home/baxelrod/ARM-H/avr8-gnu-toolchain-linux_x86/bin/../lib/gcc/avr/4.6.2/../../../../avr/include/util/delay.h **** 		__ticks_dc = (uint32_t)(ceil(fabs(__tmp)));
 162:/home/baxelrod/ARM-H/avr8-gnu-toolchain-linux_x86/bin/../lib/gcc/avr/4.6.2/../../../../avr/include/util/delay.h **** 	#endif
 163:/home/baxelrod/ARM-H/avr8-gnu-toolchain-linux_x86/bin/../lib/gcc/avr/4.6.2/../../../../avr/include/util/delay.h **** 
 164:/home/baxelrod/ARM-H/avr8-gnu-toolchain-linux_x86/bin/../lib/gcc/avr/4.6.2/../../../../avr/include/util/delay.h **** 	__builtin_avr_delay_cycles(__ticks_dc);
 165:/home/baxelrod/ARM-H/avr8-gnu-toolchain-linux_x86/bin/../lib/gcc/avr/4.6.2/../../../../avr/include/util/delay.h **** 
 166:/home/baxelrod/ARM-H/avr8-gnu-toolchain-linux_x86/bin/../lib/gcc/avr/4.6.2/../../../../avr/include/util/delay.h **** #else
 167:/home/baxelrod/ARM-H/avr8-gnu-toolchain-linux_x86/bin/../lib/gcc/avr/4.6.2/../../../../avr/include/util/delay.h **** 	__tmp = ((F_CPU) / 4e3) * __ms;
 168:/home/baxelrod/ARM-H/avr8-gnu-toolchain-linux_x86/bin/../lib/gcc/avr/4.6.2/../../../../avr/include/util/delay.h **** 	if (__tmp < 1.0)
 169:/home/baxelrod/ARM-H/avr8-gnu-toolchain-linux_x86/bin/../lib/gcc/avr/4.6.2/../../../../avr/include/util/delay.h **** 		__ticks = 1;
 170:/home/baxelrod/ARM-H/avr8-gnu-toolchain-linux_x86/bin/../lib/gcc/avr/4.6.2/../../../../avr/include/util/delay.h **** 	else if (__tmp > 65535)
 171:/home/baxelrod/ARM-H/avr8-gnu-toolchain-linux_x86/bin/../lib/gcc/avr/4.6.2/../../../../avr/include/util/delay.h **** 	{
 172:/home/baxelrod/ARM-H/avr8-gnu-toolchain-linux_x86/bin/../lib/gcc/avr/4.6.2/../../../../avr/include/util/delay.h **** 		//	__ticks = requested delay in 1/10 ms
 173:/home/baxelrod/ARM-H/avr8-gnu-toolchain-linux_x86/bin/../lib/gcc/avr/4.6.2/../../../../avr/include/util/delay.h **** 		__ticks = (uint16_t) (__ms * 10.0);
 174:/home/baxelrod/ARM-H/avr8-gnu-toolchain-linux_x86/bin/../lib/gcc/avr/4.6.2/../../../../avr/include/util/delay.h **** 		while(__ticks)
 175:/home/baxelrod/ARM-H/avr8-gnu-toolchain-linux_x86/bin/../lib/gcc/avr/4.6.2/../../../../avr/include/util/delay.h **** 		{
 176:/home/baxelrod/ARM-H/avr8-gnu-toolchain-linux_x86/bin/../lib/gcc/avr/4.6.2/../../../../avr/include/util/delay.h **** 			// wait 1/10 ms
 177:/home/baxelrod/ARM-H/avr8-gnu-toolchain-linux_x86/bin/../lib/gcc/avr/4.6.2/../../../../avr/include/util/delay.h **** 			_delay_loop_2(((F_CPU) / 4e3) / 10);
 178:/home/baxelrod/ARM-H/avr8-gnu-toolchain-linux_x86/bin/../lib/gcc/avr/4.6.2/../../../../avr/include/util/delay.h **** 			__ticks --;
 179:/home/baxelrod/ARM-H/avr8-gnu-toolchain-linux_x86/bin/../lib/gcc/avr/4.6.2/../../../../avr/include/util/delay.h **** 		}
 180:/home/baxelrod/ARM-H/avr8-gnu-toolchain-linux_x86/bin/../lib/gcc/avr/4.6.2/../../../../avr/include/util/delay.h **** 		return;
 181:/home/baxelrod/ARM-H/avr8-gnu-toolchain-linux_x86/bin/../lib/gcc/avr/4.6.2/../../../../avr/include/util/delay.h **** 	}
 182:/home/baxelrod/ARM-H/avr8-gnu-toolchain-linux_x86/bin/../lib/gcc/avr/4.6.2/../../../../avr/include/util/delay.h **** 	else
 183:/home/baxelrod/ARM-H/avr8-gnu-toolchain-linux_x86/bin/../lib/gcc/avr/4.6.2/../../../../avr/include/util/delay.h **** 		__ticks = (uint16_t)__tmp;
 184:/home/baxelrod/ARM-H/avr8-gnu-toolchain-linux_x86/bin/../lib/gcc/avr/4.6.2/../../../../avr/include/util/delay.h **** 	_delay_loop_2(__ticks);
 185:/home/baxelrod/ARM-H/avr8-gnu-toolchain-linux_x86/bin/../lib/gcc/avr/4.6.2/../../../../avr/include/util/delay.h **** #endif
 186:/home/baxelrod/ARM-H/avr8-gnu-toolchain-linux_x86/bin/../lib/gcc/avr/4.6.2/../../../../avr/include/util/delay.h **** }
 187:/home/baxelrod/ARM-H/avr8-gnu-toolchain-linux_x86/bin/../lib/gcc/avr/4.6.2/../../../../avr/include/util/delay.h **** 
 188:/home/baxelrod/ARM-H/avr8-gnu-toolchain-linux_x86/bin/../lib/gcc/avr/4.6.2/../../../../avr/include/util/delay.h **** /**
 189:/home/baxelrod/ARM-H/avr8-gnu-toolchain-linux_x86/bin/../lib/gcc/avr/4.6.2/../../../../avr/include/util/delay.h ****    \ingroup util_delay
 190:/home/baxelrod/ARM-H/avr8-gnu-toolchain-linux_x86/bin/../lib/gcc/avr/4.6.2/../../../../avr/include/util/delay.h **** 
 191:/home/baxelrod/ARM-H/avr8-gnu-toolchain-linux_x86/bin/../lib/gcc/avr/4.6.2/../../../../avr/include/util/delay.h ****    Perform a delay of \c __us microseconds, using _delay_loop_1().
 192:/home/baxelrod/ARM-H/avr8-gnu-toolchain-linux_x86/bin/../lib/gcc/avr/4.6.2/../../../../avr/include/util/delay.h **** 
 193:/home/baxelrod/ARM-H/avr8-gnu-toolchain-linux_x86/bin/../lib/gcc/avr/4.6.2/../../../../avr/include/util/delay.h ****    The macro F_CPU is supposed to be defined to a
 194:/home/baxelrod/ARM-H/avr8-gnu-toolchain-linux_x86/bin/../lib/gcc/avr/4.6.2/../../../../avr/include/util/delay.h ****    constant defining the CPU clock frequency (in Hertz).
 195:/home/baxelrod/ARM-H/avr8-gnu-toolchain-linux_x86/bin/../lib/gcc/avr/4.6.2/../../../../avr/include/util/delay.h **** 
 196:/home/baxelrod/ARM-H/avr8-gnu-toolchain-linux_x86/bin/../lib/gcc/avr/4.6.2/../../../../avr/include/util/delay.h ****    The maximal possible delay is 768 us / F_CPU in MHz.
 197:/home/baxelrod/ARM-H/avr8-gnu-toolchain-linux_x86/bin/../lib/gcc/avr/4.6.2/../../../../avr/include/util/delay.h **** 
 198:/home/baxelrod/ARM-H/avr8-gnu-toolchain-linux_x86/bin/../lib/gcc/avr/4.6.2/../../../../avr/include/util/delay.h ****    If the user requests a delay greater than the maximal possible one,
 199:/home/baxelrod/ARM-H/avr8-gnu-toolchain-linux_x86/bin/../lib/gcc/avr/4.6.2/../../../../avr/include/util/delay.h ****    _delay_us() will automatically call _delay_ms() instead.  The user
 200:/home/baxelrod/ARM-H/avr8-gnu-toolchain-linux_x86/bin/../lib/gcc/avr/4.6.2/../../../../avr/include/util/delay.h ****    will not be informed about this case.
 201:/home/baxelrod/ARM-H/avr8-gnu-toolchain-linux_x86/bin/../lib/gcc/avr/4.6.2/../../../../avr/include/util/delay.h **** 
 202:/home/baxelrod/ARM-H/avr8-gnu-toolchain-linux_x86/bin/../lib/gcc/avr/4.6.2/../../../../avr/include/util/delay.h ****    If the avr-gcc toolchain has __builtin_avr_delay_cycles(unsigned long)
 203:/home/baxelrod/ARM-H/avr8-gnu-toolchain-linux_x86/bin/../lib/gcc/avr/4.6.2/../../../../avr/include/util/delay.h ****    support, maximal possible delay is 4294967.295 us/ F_CPU in MHz. For
 204:/home/baxelrod/ARM-H/avr8-gnu-toolchain-linux_x86/bin/../lib/gcc/avr/4.6.2/../../../../avr/include/util/delay.h ****    values greater than the maximal possible delay, overflow results in
 205:/home/baxelrod/ARM-H/avr8-gnu-toolchain-linux_x86/bin/../lib/gcc/avr/4.6.2/../../../../avr/include/util/delay.h ****    no delay i.e., 0us.
 206:/home/baxelrod/ARM-H/avr8-gnu-toolchain-linux_x86/bin/../lib/gcc/avr/4.6.2/../../../../avr/include/util/delay.h ****   
 207:/home/baxelrod/ARM-H/avr8-gnu-toolchain-linux_x86/bin/../lib/gcc/avr/4.6.2/../../../../avr/include/util/delay.h ****    Conversion of __us into clock cycles may not always result in integer.
 208:/home/baxelrod/ARM-H/avr8-gnu-toolchain-linux_x86/bin/../lib/gcc/avr/4.6.2/../../../../avr/include/util/delay.h ****    By default, the clock cycles rounded up to next integer. This ensures that
 209:/home/baxelrod/ARM-H/avr8-gnu-toolchain-linux_x86/bin/../lib/gcc/avr/4.6.2/../../../../avr/include/util/delay.h ****    the user gets atleast __us microseconds of delay.
 210:/home/baxelrod/ARM-H/avr8-gnu-toolchain-linux_x86/bin/../lib/gcc/avr/4.6.2/../../../../avr/include/util/delay.h **** 
 211:/home/baxelrod/ARM-H/avr8-gnu-toolchain-linux_x86/bin/../lib/gcc/avr/4.6.2/../../../../avr/include/util/delay.h ****    Alternatively, user can define __DELAY_ROUND_DOWN__ and __DELAY_ROUND_CLOSEST__
 212:/home/baxelrod/ARM-H/avr8-gnu-toolchain-linux_x86/bin/../lib/gcc/avr/4.6.2/../../../../avr/include/util/delay.h ****    to round down and round to closest integer.
 213:/home/baxelrod/ARM-H/avr8-gnu-toolchain-linux_x86/bin/../lib/gcc/avr/4.6.2/../../../../avr/include/util/delay.h ****  
 214:/home/baxelrod/ARM-H/avr8-gnu-toolchain-linux_x86/bin/../lib/gcc/avr/4.6.2/../../../../avr/include/util/delay.h ****    Note: The new implementation of _delay_us(double __us) with 
 215:/home/baxelrod/ARM-H/avr8-gnu-toolchain-linux_x86/bin/../lib/gcc/avr/4.6.2/../../../../avr/include/util/delay.h ****     __builtin_avr_delay_cycles(unsigned long) support is not backward compatible.
 216:/home/baxelrod/ARM-H/avr8-gnu-toolchain-linux_x86/bin/../lib/gcc/avr/4.6.2/../../../../avr/include/util/delay.h ****    User can define __DELAY_BACKWARD_COMPATIBLE__ to get a backward compatible delay.
 217:/home/baxelrod/ARM-H/avr8-gnu-toolchain-linux_x86/bin/../lib/gcc/avr/4.6.2/../../../../avr/include/util/delay.h ****    Also, the backward compatible
 218:/home/baxelrod/ARM-H/avr8-gnu-toolchain-linux_x86/bin/../lib/gcc/avr/4.6.2/../../../../avr/include/util/delay.h ****    algorithm will be chosen if the code is compiled in a <em>freestanding
 219:/home/baxelrod/ARM-H/avr8-gnu-toolchain-linux_x86/bin/../lib/gcc/avr/4.6.2/../../../../avr/include/util/delay.h ****    environment</em> (GCC option \c -ffreestanding), as the math functions
 220:/home/baxelrod/ARM-H/avr8-gnu-toolchain-linux_x86/bin/../lib/gcc/avr/4.6.2/../../../../avr/include/util/delay.h ****    required for rounding are not available to the compiler then.
 221:/home/baxelrod/ARM-H/avr8-gnu-toolchain-linux_x86/bin/../lib/gcc/avr/4.6.2/../../../../avr/include/util/delay.h **** 
 222:/home/baxelrod/ARM-H/avr8-gnu-toolchain-linux_x86/bin/../lib/gcc/avr/4.6.2/../../../../avr/include/util/delay.h ****  */
 223:/home/baxelrod/ARM-H/avr8-gnu-toolchain-linux_x86/bin/../lib/gcc/avr/4.6.2/../../../../avr/include/util/delay.h **** void
 224:/home/baxelrod/ARM-H/avr8-gnu-toolchain-linux_x86/bin/../lib/gcc/avr/4.6.2/../../../../avr/include/util/delay.h **** _delay_us(double __us)
 225:/home/baxelrod/ARM-H/avr8-gnu-toolchain-linux_x86/bin/../lib/gcc/avr/4.6.2/../../../../avr/include/util/delay.h **** {
 226:/home/baxelrod/ARM-H/avr8-gnu-toolchain-linux_x86/bin/../lib/gcc/avr/4.6.2/../../../../avr/include/util/delay.h **** 	uint8_t __ticks;
 227:/home/baxelrod/ARM-H/avr8-gnu-toolchain-linux_x86/bin/../lib/gcc/avr/4.6.2/../../../../avr/include/util/delay.h **** 	double __tmp ; 
 228:/home/baxelrod/ARM-H/avr8-gnu-toolchain-linux_x86/bin/../lib/gcc/avr/4.6.2/../../../../avr/include/util/delay.h **** #if __HAS_DELAY_CYCLES && defined(__OPTIMIZE__) && \
 229:/home/baxelrod/ARM-H/avr8-gnu-toolchain-linux_x86/bin/../lib/gcc/avr/4.6.2/../../../../avr/include/util/delay.h ****   !defined(__DELAY_BACKWARD_COMPATIBLE__) &&	   \
 230:/home/baxelrod/ARM-H/avr8-gnu-toolchain-linux_x86/bin/../lib/gcc/avr/4.6.2/../../../../avr/include/util/delay.h ****   __STDC_HOSTED__
 231:/home/baxelrod/ARM-H/avr8-gnu-toolchain-linux_x86/bin/../lib/gcc/avr/4.6.2/../../../../avr/include/util/delay.h **** 	uint32_t __ticks_dc;
 232:/home/baxelrod/ARM-H/avr8-gnu-toolchain-linux_x86/bin/../lib/gcc/avr/4.6.2/../../../../avr/include/util/delay.h **** 	extern void __builtin_avr_delay_cycles(unsigned long);
 233:/home/baxelrod/ARM-H/avr8-gnu-toolchain-linux_x86/bin/../lib/gcc/avr/4.6.2/../../../../avr/include/util/delay.h **** 	__tmp = ((F_CPU) / 1e6) * __us;
 234:/home/baxelrod/ARM-H/avr8-gnu-toolchain-linux_x86/bin/../lib/gcc/avr/4.6.2/../../../../avr/include/util/delay.h **** 
 235:/home/baxelrod/ARM-H/avr8-gnu-toolchain-linux_x86/bin/../lib/gcc/avr/4.6.2/../../../../avr/include/util/delay.h **** 	#if defined(__DELAY_ROUND_DOWN__)
 236:/home/baxelrod/ARM-H/avr8-gnu-toolchain-linux_x86/bin/../lib/gcc/avr/4.6.2/../../../../avr/include/util/delay.h **** 		__ticks_dc = (uint32_t)fabs(__tmp);
 237:/home/baxelrod/ARM-H/avr8-gnu-toolchain-linux_x86/bin/../lib/gcc/avr/4.6.2/../../../../avr/include/util/delay.h **** 
 238:/home/baxelrod/ARM-H/avr8-gnu-toolchain-linux_x86/bin/../lib/gcc/avr/4.6.2/../../../../avr/include/util/delay.h **** 	#elif defined(__DELAY_ROUND_CLOSEST__)
 239:/home/baxelrod/ARM-H/avr8-gnu-toolchain-linux_x86/bin/../lib/gcc/avr/4.6.2/../../../../avr/include/util/delay.h **** 		__ticks_dc = (uint32_t)(fabs(__tmp)+0.5);
 240:/home/baxelrod/ARM-H/avr8-gnu-toolchain-linux_x86/bin/../lib/gcc/avr/4.6.2/../../../../avr/include/util/delay.h **** 
 241:/home/baxelrod/ARM-H/avr8-gnu-toolchain-linux_x86/bin/../lib/gcc/avr/4.6.2/../../../../avr/include/util/delay.h **** 	#else
 242:/home/baxelrod/ARM-H/avr8-gnu-toolchain-linux_x86/bin/../lib/gcc/avr/4.6.2/../../../../avr/include/util/delay.h **** 		//round up by default
 243:/home/baxelrod/ARM-H/avr8-gnu-toolchain-linux_x86/bin/../lib/gcc/avr/4.6.2/../../../../avr/include/util/delay.h **** 		__ticks_dc = (uint32_t)(ceil(fabs(__tmp)));
 244:/home/baxelrod/ARM-H/avr8-gnu-toolchain-linux_x86/bin/../lib/gcc/avr/4.6.2/../../../../avr/include/util/delay.h **** 	#endif
 245:/home/baxelrod/ARM-H/avr8-gnu-toolchain-linux_x86/bin/../lib/gcc/avr/4.6.2/../../../../avr/include/util/delay.h **** 
 246:/home/baxelrod/ARM-H/avr8-gnu-toolchain-linux_x86/bin/../lib/gcc/avr/4.6.2/../../../../avr/include/util/delay.h **** 	__builtin_avr_delay_cycles(__ticks_dc);
  53               		.loc 2 246 0
  54 0010 8AE0      		 ldi r24,lo8(10)
  55 0012 8A95      	    1:dec r24
  56 0014 01F4      	    brne 1b
  57 0016 00C0      		rjmp .
  58               	.LBE5:
  59               	.LBE4:
  44:encoder.c     ****     _delay_us(1);
  45:encoder.c     **** 
  46:encoder.c     ****     ENCODERSPI.DATA = 0x00;
  60               		.loc 1 46 0
  61 0018 E0EC      		ldi r30,lo8(2240)
  62 001a F8E0      		ldi r31,hi8(2240)
  63 001c 1382      		std Z+3,__zero_reg__
  64               	.L3:
  47:encoder.c     ****     while(!(ENCODERSPI.STATUS & SPI_IF_bm)); //wait for it to finish
  65               		.loc 1 47 0 discriminator 1
  66 001e 8091 C208 		lds r24,2242
  67 0022 87FF      		sbrs r24,7
  68 0024 00C0      		rjmp .L3
  48:encoder.c     ****     temp = ENCODERSPI.DATA;
  69               		.loc 1 48 0
  70 0026 2091 C308 		lds r18,2243
  71               	.LVL1:
  49:encoder.c     **** 
  50:encoder.c     ****     ENCODERSPI.DATA = 0x00;
  72               		.loc 1 50 0
  73 002a E0EC      		ldi r30,lo8(2240)
  74 002c F8E0      		ldi r31,hi8(2240)
  75 002e 1382      		std Z+3,__zero_reg__
  76               	.L4:
  51:encoder.c     ****     while(!(ENCODERSPI.STATUS & SPI_IF_bm)); //wait for it to finish
  77               		.loc 1 51 0 discriminator 1
  78 0030 8091 C208 		lds r24,2242
  79 0034 87FF      		sbrs r24,7
  80 0036 00C0      		rjmp .L4
  52:encoder.c     ****     temp2 = ENCODERSPI.DATA;
  81               		.loc 1 52 0
  82 0038 8091 C308 		lds r24,2243
  83               	.LVL2:
  53:encoder.c     **** 
  54:encoder.c     ****     //The serial port is likely strange because the encoder will likely have a dummy bit at the fro
  55:encoder.c     ****     return ((temp << 3) & 0x3F8) | ((temp2 >> 5) & 0x007); //BA: shift left 3 instead of 4
  84               		.loc 1 55 0
  85 003c 8295      		swap r24
  86               	.LVL3:
  87 003e 8695      		lsr r24
  88 0040 8770      		andi r24,lo8(7)
  89 0042 90E0      		ldi r25,lo8(0)
  90 0044 30E0      		ldi r19,lo8(0)
  91 0046 43E0      		ldi r20,3
  92 0048 220F      	1:	lsl r18
  93 004a 331F      		rol r19
  94 004c 4A95      		dec r20
  95 004e 01F4      		brne 1b
  96               	.LVL4:
  97 0050 287F      		andi r18,lo8(1016)
  98 0052 3370      		andi r19,hi8(1016)
  99 0054 822B      		or r24,r18
 100 0056 932B      		or r25,r19
 101               	/* epilogue start */
  56:encoder.c     **** }
 102               		.loc 1 56 0
 103 0058 0895      		ret
 104               		.cfi_endproc
 105               	.LFE7:
 107               	.Letext0:
 108               		.file 3 "/home/baxelrod/ARM-H/avr8-gnu-toolchain-linux_x86/bin/../lib/gcc/avr/4.6.2/../../../../av
 109               		.file 4 "/home/baxelrod/ARM-H/avr8-gnu-toolchain-linux_x86/bin/../lib/gcc/avr/4.6.2/../../../../av
DEFINED SYMBOLS
                            *ABS*:00000000 encoder.c
     /tmp/cc3LcWcq.s:2      *ABS*:0000003f __SREG__
     /tmp/cc3LcWcq.s:3      *ABS*:0000003e __SP_H__
     /tmp/cc3LcWcq.s:4      *ABS*:0000003d __SP_L__
     /tmp/cc3LcWcq.s:5      *ABS*:00000034 __CCP__
     /tmp/cc3LcWcq.s:6      *ABS*:00000000 __tmp_reg__
     /tmp/cc3LcWcq.s:7      *ABS*:00000001 __zero_reg__
     /tmp/cc3LcWcq.s:15     .text:00000000 configureSPIModulesEncoder
     /tmp/cc3LcWcq.s:39     .text:0000000c readEncoder

UNDEFINED SYMBOLS
__do_copy_data
__do_clear_bss
