   1               		.file	"portio.c"
   2               	__SREG__ = 0x3f
   3               	__SP_H__ = 0x3e
   4               	__SP_L__ = 0x3d
   5               	__CCP__ = 0x34
   6               	__tmp_reg__ = 0
   7               	__zero_reg__ = 1
   8               		.global __do_copy_data
   9               		.global __do_clear_bss
  10               		.text
  11               	.Ltext0:
  12               		.cfi_sections	.debug_frame
  13               	.global	configurePortIODistal
  15               	configurePortIODistal:
  16               	.LFB0:
  17               		.file 1 "portio.c"
   1:portio.c      **** /****************************************************
   2:portio.c      **** 
   3:portio.c      ****  // Author:            Zachary Clifford
   4:portio.c      ****  // File Name:        C1482-SRC-PXDMCU-0_portio.c
   5:portio.c      ****  // Creation Date:    24 February, 2012
   6:portio.c      ****  // Revision:        00
   7:portio.c      ****  // Hardware:        ATxmega32A4U
   8:portio.c      ****  // Description:    Input/Output configuration for Proximal/Distal boards
   9:portio.c      **** 
  10:portio.c      **** ****************************************************/
  11:portio.c      **** 
  12:portio.c      **** /******************************************************************************
  13:portio.c      ****     File Revision History:
  14:portio.c      **** -------------------------------------------------------------------------------
  15:portio.c      **** Revision    Date        Engineer    Description
  16:portio.c      **** --------    --------    --------    -------------------------------------------
  17:portio.c      **** 00            MM/DD/YY    ZAC            Initial Release
  18:portio.c      **** -------------------------------------------------------------------------------
  19:portio.c      **** 
  20:portio.c      **** ******************************************************************************/
  21:portio.c      **** 
  22:portio.c      **** #include <avr/io.h>
  23:portio.c      **** 
  24:portio.c      **** #include "portio.h"
  25:portio.c      **** 
  26:portio.c      **** /************************************************************************
  27:portio.c      **** * configurePortIODistal()
  28:portio.c      **** * This function configures the peripheral I/O ports.  The direction,
  29:portio.c      **** * default out state, and drivers are set up here.
  30:portio.c      **** ************************************************************************/
  31:portio.c      **** void configurePortIODistal(void)
  32:portio.c      **** {
  18               		.loc 1 32 0
  19               		.cfi_startproc
  20               	/* prologue: function */
  21               	/* frame size = 0 */
  22               	/* stack size = 0 */
  23               	.L__stack_usage = 0
  33:portio.c      ****     //First setup the GPIOs by port.
  34:portio.c      **** 
  35:portio.c      ****     //PA0 - VREF
  36:portio.c      ****     //PA1 - DISTAL1
  37:portio.c      ****     //PA2 - DISTAL2
  38:portio.c      ****     //PA3 - DISTAL3
  39:portio.c      ****     //PA4 - DISTAL4
  40:portio.c      ****     //PA5 - SPARE1
  41:portio.c      ****     //PA6 - NC
  42:portio.c      ****     //PA7 - NC
  43:portio.c      ****     PORTA.OUT = 0x00;
  24               		.loc 1 43 0
  25 0000 E0E0      		ldi r30,lo8(1536)
  26 0002 F6E0      		ldi r31,hi8(1536)
  27 0004 1482      		std Z+4,__zero_reg__
  44:portio.c      ****     PORTA.DIR = 0x00;
  28               		.loc 1 44 0
  29 0006 1082      		st Z,__zero_reg__
  45:portio.c      **** 
  46:portio.c      ****     //PB0 - nCS1
  47:portio.c      ****     //PB1 - nCS2
  48:portio.c      ****     //PB2 - nCS3
  49:portio.c      ****     //PB3 - nCS4
  50:portio.c      ****     PORTB.OUT = 0x0F;
  30               		.loc 1 50 0
  31 0008 E0E2      		ldi r30,lo8(1568)
  32 000a F6E0      		ldi r31,hi8(1568)
  33 000c 8FE0      		ldi r24,lo8(15)
  34 000e 8483      		std Z+4,r24
  51:portio.c      ****     PORTB.DIR = 0x0F;
  35               		.loc 1 51 0
  36 0010 8083      		st Z,r24
  52:portio.c      **** 
  53:portio.c      ****     //PC0 - LED
  54:portio.c      ****     //PC1 - nCS5
  55:portio.c      ****     //PC2 - nCS6
  56:portio.c      ****     //PC3 - nCS7
  57:portio.c      ****     //PC4 - nCS8
  58:portio.c      ****     //PC5 - MOSI
  59:portio.c      ****     //PC6 - MISO
  60:portio.c      ****     //PC7 - SCK
  61:portio.c      ****     PORTC.OUT = 0x1e;
  37               		.loc 1 61 0
  38 0012 E0E4      		ldi r30,lo8(1600)
  39 0014 F6E0      		ldi r31,hi8(1600)
  40 0016 8EE1      		ldi r24,lo8(30)
  41 0018 8483      		std Z+4,r24
  62:portio.c      ****     PORTC.DIR = 0xBF;
  42               		.loc 1 62 0
  43 001a 8FEB      		ldi r24,lo8(-65)
  44 001c 8083      		st Z,r24
  63:portio.c      **** 
  64:portio.c      **** 
  65:portio.c      ****     //For both TX_EN and RX_EN lines, set HIGH to TX and LOW to RX
  66:portio.c      **** 
  67:portio.c      ****         //PD0 - INBOUND_RX_nEN
  68:portio.c      ****     //PD1 - INBOUND_TX_EN
  69:portio.c      ****     //PD2 - RX_INBOUND
  70:portio.c      ****     //PD3 - TX_INBOUND
  71:portio.c      ****     //PD4 - NC
  72:portio.c      ****     //PD5 - ACC MOSI
  73:portio.c      ****     //PD6 - ACC MISO
  74:portio.c      ****     //PD7 - ACC_SCK
  75:portio.c      ****     PORTD.OUT = 0x02;
  45               		.loc 1 75 0
  46 001e E0E6      		ldi r30,lo8(1632)
  47 0020 F6E0      		ldi r31,hi8(1632)
  48 0022 82E0      		ldi r24,lo8(2)
  49 0024 8483      		std Z+4,r24
  76:portio.c      ****     PORTD.DIR = 0xAB;
  50               		.loc 1 76 0
  51 0026 8BEA      		ldi r24,lo8(-85)
  52 0028 8083      		st Z,r24
  77:portio.c      **** 
  78:portio.c      ****     //PE0 - NC
  79:portio.c      ****     //PE1 - nCS9
  80:portio.c      ****     //PE2 - nCS10
  81:portio.c      ****     //PE3 - nCS11
  82:portio.c      ****     PORTE.OUT = 0x0E;
  53               		.loc 1 82 0
  54 002a E0E8      		ldi r30,lo8(1664)
  55 002c F6E0      		ldi r31,hi8(1664)
  56 002e 8EE0      		ldi r24,lo8(14)
  57 0030 8483      		std Z+4,r24
  83:portio.c      ****     PORTE.DIR = 0x0E;
  58               		.loc 1 83 0
  59 0032 8083      		st Z,r24
  84:portio.c      ****     
  85:portio.c      ****     //PR0 - INT1
  86:portio.c      ****     //PR1 - INT2
  87:portio.c      ****     PORTR.OUT = 0x00;
  60               		.loc 1 87 0
  61 0034 E0EE      		ldi r30,lo8(2016)
  62 0036 F7E0      		ldi r31,hi8(2016)
  63 0038 1482      		std Z+4,__zero_reg__
  88:portio.c      ****     PORTR.DIR = 0x00;
  64               		.loc 1 88 0
  65 003a 1082      		st Z,__zero_reg__
  66               	/* epilogue start */
  89:portio.c      **** 
  90:portio.c      **** }
  67               		.loc 1 90 0
  68 003c 0895      		ret
  69               		.cfi_endproc
  70               	.LFE0:
  72               	.Letext0:
  73               		.file 2 "/home/baxelrod/ARM-H/avr8-gnu-toolchain-linux_x86/bin/../lib/gcc/avr/4.6.2/../../../../av
DEFINED SYMBOLS
                            *ABS*:00000000 portio.c
     /tmp/ccWOXSmv.s:2      *ABS*:0000003f __SREG__
     /tmp/ccWOXSmv.s:3      *ABS*:0000003e __SP_H__
     /tmp/ccWOXSmv.s:4      *ABS*:0000003d __SP_L__
     /tmp/ccWOXSmv.s:5      *ABS*:00000034 __CCP__
     /tmp/ccWOXSmv.s:6      *ABS*:00000000 __tmp_reg__
     /tmp/ccWOXSmv.s:7      *ABS*:00000001 __zero_reg__
     /tmp/ccWOXSmv.s:15     .text:00000000 configurePortIODistal

UNDEFINED SYMBOLS
__do_copy_data
__do_clear_bss
