iMPACT Version: 14.6

iMPACT log file Started on Thu Mar 27 14:54:40 2014

Welcome to iMPACT
iMPACT Version: 14.6
// *** BATCH CMD : setMode -bs
GUI --- Auto connect to cable...
// *** BATCH CMD : setCable -port auto
AutoDetecting cable. Please wait.
*** WARNING ***: When port is set to auto detect mode, cable speed is set todefault 6 MHz regardless of explicit arguments supplied for setting the baudrates
PROGRESS_START - Starting Operation.
Connecting to cable (Usb Port - USB21).
Checking cable driver.
File version of /opt/Xilinx/14.6/ISE_DS/ISE/bin/lin64/xusbdfwu.hex = 1030.
File version of /usr/share/xusbdfwu.hex = 1030.
 Using libusb.
 Kernel release = 3.8.0-36-generic.
 Max current requested during enumeration is 300 mA.
Type = 0x0005.
write (count, cmdBuffer, dataBuffer) failed 20000020.
 Cable Type = 3, Revision = 0.
 Setting cable speed to 6 MHz.
Cable connection established.
Firmware version = 2300.
File version of /opt/Xilinx/14.6/ISE_DS/ISE/data/xusb_xp2.hex = 2401.
Firmware hex file version = 2401.
Downloading /opt/Xilinx/14.6/ISE_DS/ISE/data/xusb_xp2.hex.
Downloaded firmware version = 2401.
PLD file version = 200Dh.
 PLD version = 200Dh.
PROGRESS_END - End Operation.
Elapsed time =      0 sec.
Type = 0x0005.
ESN option: 000015E0F68701.
Attempting to identify devices in the boundary-scan chain configuration...
INFO:iMPACT - Current time: 3/27/14 2:54 PM
// *** BATCH CMD : Identify -inferir 
PROGRESS_START - Starting Operation.
Identifying chain contents...'0': : Manufacturer's ID = Xilinx xc6slx75t, Version : 2
INFO:iMPACT:1777 - 
   Reading /opt/Xilinx/14.6/ISE_DS/ISE/spartan6/data/xc6slx75t.bsd...
INFO:iMPACT:501 - '1': Added Device xc6slx75t successfully.
----------------------------------------------------------------------
done.
PROGRESS_END - End Operation.
Elapsed time =      0 sec.
// *** BATCH CMD : identifyMPM 
INFO:iMPACT - File /media/4CE9-40C2/synapse.cfi does not exist.
Selected part: SPANSIONS29GL01GP
// *** BATCH CMD : attachflash -position 1 -bpi "SPANSIONS29GL01GP"
// *** BATCH CMD : assignfiletoattachedflash -position 1 -file"/media/4CE9-40C2/synapse.mcs"
INFO:iMPACT - A CFI file is not detected. To ensure correct and safe   configuration,
    Please make sure a CFI file is present in the same directory as the PROM   file,
    or, regenerate the PROM file with the latest software.
INFO:iMPACT - Current time: 3/27/14 2:55 PM
// *** BATCH CMD : Program -p 1 -dataWidth 16 -rs1 NONE -rs0 NONE -bpionly -e -v-loadfpga 
PROGRESS_START - Starting Operation.
Maximum TCK operating frequency for this device chain: 25000000.
Validating chain...
Boundary-scan chain validated successfully.
'1': BPI access core not detected. BPI access core will be downloaded to thedevice to enable operations.
INFO:iMPACT - Downloading core file   /opt/Xilinx/14.6/ISE_DS/ISE/spartan6/data/xc6slx75t_jbpi.cor.
'1': Downloading core...
 LCK_cycle = NoWait.
LCK cycle: NoWait
done.
'1': Reading status register contents...
INFO:iMPACT:2219 - Status register values:
INFO:iMPACT - 0011 1100 1110 1100 
INFO:iMPACT:2492 - '1': Completed downloading core to device.
Current cable speed is set to 6.000 Mhz.
Cable speed is default to 3Mhz or lower for BPI operations.
Current cable speed is set to 3.000 Mhz.
Populating BPI common flash interface ...
Common Flash Interface Information Query completed successfully.
INFO:iMPACT - Common Flash Interface Information from Device:
INFO:iMPACT - Verification string:	 51 52 59
INFO:iMPACT - Manufacturer ID:    	 00 
INFO:iMPACT - Vendor ID:          	 02 
INFO:iMPACT - Device Code:        	 1b 
Using x16 mode ...
'1': Erasing device...
done.
'1': Erasure completed successfully.
Using x16 mode ...
INFO:iMPACT - Using Word Programming.
'1': Programming Flash.
done.
'1': Flash Programming completed successfully.
Using x16 mode ...
'1': Reading device contents...
done.
'1': Verification completed.
Current cable speed is resumed to 6.000 Mhz.
INFO:iMPACT:188 - '1': Programming completed successfully.
 LCK_cycle = NoWait.
LCK cycle: NoWait
INFO:iMPACT - '1': Checking done pin....done.
'1': Programmed successfully.
PROGRESS_END - End Operation.
Elapsed time =    335 sec.
INFO:iMPACT - User_EnvOsname: 'Ubuntu'
INFO:iMPACT - User_EnvOsrelease: 'Ubuntu 12.04.4 LTS'
// *** BATCH CMD : setMode -bs
INFO:iMPACT - Launching WebTalk, please refer to the webtalk log at   /opt/Xilinx/webtalk.log for details.
INFO:iMPACT - Running wbtc successfully.
// *** BATCH CMD : setMode -bs
// *** BATCH CMD : deleteDevice -position 1
// *** BATCH CMD : setMode -bs
// *** BATCH CMD : setMode -ss
// *** BATCH CMD : setMode -sm
// *** BATCH CMD : setMode -hw140
// *** BATCH CMD : setMode -spi
// *** BATCH CMD : setMode -acecf
// *** BATCH CMD : setMode -acempm
// *** BATCH CMD : setMode -pff
